2021-06-08 20:02:32,937 INFO     test_ai_mod.carbon_controllers.crawls -- Logging crawl output to /Users/bot/test_ai/apps/2e1e40fe-b12b-48ff-9b5a-6de38fce52d1/builds/1bcb1a50-98b4-4457-8241-586bed2417eb/logs/crawl-20210609000232.log
2021-06-08 20:02:32,937 INFO     test_ai_mod.carbon_tasks.crawl_build_task -- crawling build, app_id: 2e1e40fe-b12b-48ff-9b5a-6de38fce52d1, build_id: 1bcb1a50-98b4-4457-8241-586bed2417eb
2021-06-08 20:02:32,938 INFO     test_ai_mod.carbon_tasks.crawl_build_task -- num_steps (when no test): 25
2021-06-08 20:02:32,938 INFO     test_ai_mod.carbon_tasks.crawl_build_task -- max_steps: 150
2021-06-08 20:02:32,938 INFO     test_ai_mod.carbon_tasks.crawl_build_task -- max_iterations: 1
2021-06-08 20:02:32,938 INFO     test_ai_mod.carbon_tasks.crawl_build_task -- rand_seed: 1623111607
2021-06-08 20:02:32,938 INFO     test_ai_mod.carbon_tasks.crawl_build_task -- test_wildcard: *
2021-06-08 20:02:32,938 INFO     test_ai_mod.carbon_tasks.crawl_build_task -- package: None
2021-06-08 20:02:32,938 INFO     test_ai_mod.carbon_tasks.crawl_build_task -- eyes_api_key: None
2021-06-08 20:02:32,938 INFO     test_ai_mod.carbon_tasks.crawl_build_task -- is_noop: False
2021-06-08 20:02:32,940 INFO     test_ai_mod.carbon_tasks.crawl_build_task -- created crawl, id: 20210608200232
2021-06-08 20:02:32,940 INFO     test_ai_mod.carbon_dao.local_carbon_dao -- Getting build info: APP_ID: 2e1e40fe-b12b-48ff-9b5a-6de38fce52d1, BUILD_ID: 1bcb1a50-98b4-4457-8241-586bed2417eb
2021-06-08 20:02:32,940 INFO     test_ai_mod.carbon_dao.local_carbon_dao -- Getting build info: APP_ID: 2e1e40fe-b12b-48ff-9b5a-6de38fce52d1, BUILD_ID: 1bcb1a50-98b4-4457-8241-586bed2417eb
2021-06-08 20:02:33,974 INFO     test_ai_mod.carbon_dao.local_carbon_dao -- Getting build info: APP_ID: 2e1e40fe-b12b-48ff-9b5a-6de38fce52d1, BUILD_ID: 1bcb1a50-98b4-4457-8241-586bed2417eb
2021-06-08 20:02:33,974 INFO     test_ai_mod.carbon_explore.explore -- using default extra walk count: 0
2021-06-08 20:02:33,983 INFO     test_ai_mod.carbon_tasks.crawl_build_task -- initiating walk [1/1]
2021-06-08 20:02:33,984 INFO     test_ai_mod.carbon_test_case.carbon_tests -- initial number of steps for walk: 25
2021-06-08 20:02:33,984 INFO     test_ai_mod.carbon_tasks.crawl_build_task -- effective_max_steps this walk: 26
2021-06-08 20:02:33,984 INFO     test_ai_mod.carbon_explore.explore -- **************************************************
2021-06-08 20:02:33,984 INFO     test_ai_mod.carbon_explore.explore -- **************************************************
2021-06-08 20:02:33,984 INFO     test_ai_mod.carbon_explore.explore -- *                                                *
2021-06-08 20:02:33,984 INFO     test_ai_mod.carbon_explore.explore -- *                   BRAIN                    *
2021-06-08 20:02:33,984 INFO     test_ai_mod.carbon_explore.explore -- *                                                *
2021-06-08 20:02:33,984 INFO     test_ai_mod.carbon_explore.explore -- **************************************************
2021-06-08 20:02:33,984 INFO     test_ai_mod.carbon_explore.explore -- **************************************************
2021-06-08 20:02:33,984 INFO     test_ai_mod.carbon_initialization.initialization -- Random seed: 1623111607
2021-06-08 20:02:33,985 INFO     test_ai_mod.carbon_initialization.initialization -- ````````````````````````````````````````````````````````````````````````````````
2021-06-08 20:02:33,985 INFO     test_ai_mod.carbon_initialization.initialization --                   PACKAGE: 2e1e40fe-b12b-48ff-9b5a-6de38fce52d1
2021-06-08 20:02:33,985 INFO     test_ai_mod.carbon_initialization.initialization -- ````````````````````````````````````````````````````````````````````````````````
2021-06-08 20:02:33,986 INFO     test_ai_mod.carbon_initialization.initialization -- platform: DESKTOP_CHROME
2021-06-08 20:02:33,986 INFO     test_ai_mod.carbon_initialization.initialization -- using crawl_directory: /Users/bot/test_ai/apps/2e1e40fe-b12b-48ff-9b5a-6de38fce52d1/builds/1bcb1a50-98b4-4457-8241-586bed2417eb/crawls/20210608200232
2021-06-08 20:02:33,986 INFO     test_ai_mod.carbon_botio.bot_io -- retrieving bot IO for app: 2e1e40fe-b12b-48ff-9b5a-6de38fce52d1
2021-06-08 20:02:33,986 INFO     test_ai_mod.carbon_botio.bot_io -- ^^^^^^^^^^^^^^^^^^^^^^^^^^^^^^^^^^^^^^^^^^^^^^^^^^^^^^^^^^^^^^^^^^^^^^^^^^^^^^^^
2021-06-08 20:02:33,986 INFO     test_ai_mod.carbon_botio.bot_io -- botio_filepath: /Users/bot/test_ai/apps/2e1e40fe-b12b-48ff-9b5a-6de38fce52d1/lkg/botio.json
2021-06-08 20:02:33,986 INFO     test_ai_mod.carbon_botio.bot_io -- use_snapshot: False
2021-06-08 20:02:33,986 INFO     test_ai_mod.carbon_botio.bot_io -- no botIO found for app: 2e1e40fe-b12b-48ff-9b5a-6de38fce52d1
2021-06-08 20:02:33,987 INFO     test_ai_mod.carbon_dao.carbon_data -- loading models from LKG dir
2021-06-08 20:02:33,987 INFO     test_ai_mod.carbon_dao.carbon_data -- loading models from LKG dir
2021-06-08 20:02:33,988 INFO     test_ai_mod.carbon_explore.test_hooks -- Test case is None, no need for on_setup.
2021-06-08 20:02:33,988 INFO     test_ai_mod.carbon_utils.simulator_tools -- preparing clean iteration state...
2021-06-08 20:02:33,988 INFO     test_ai_mod.carbon_utils.simulator_tools -- starting appium, platform: DESKTOP_CHROME
2021-06-08 20:02:33,988 INFO     test_ai_mod.carbon_utils.simulator_tools -- starting appium/webdriver for desktop chrome
2021-06-08 20:02:35,287 INFO     test_ai_mod.carbon_automation.driver -- Screen density: 1.0
2021-06-08 20:02:35,439 INFO     test_ai_mod.carbon_utils.simulator_tools -- going to https://www.equinox.com/
2021-06-08 20:02:37,418 INFO     test_ai_mod.carbon_utils.simulator_tools -- completed setting url, additional time: 1.963220
2021-06-08 20:02:39,188 INFO     test_ai_mod.carbon_initialization.initialization -- starting dom stability
2021-06-08 20:02:39,221 INFO     test_ai_mod.carbon_actions.carbon_actions -- Got new page source
2021-06-08 20:02:39,360 INFO     test_ai_mod.carbon_actions.carbon_actions -- Got new page source
2021-06-08 20:02:39,499 INFO     test_ai_mod.carbon_actions.carbon_actions -- Got new page source
2021-06-08 20:02:39,639 INFO     test_ai_mod.carbon_actions.carbon_actions -- Got new page source
2021-06-08 20:02:39,772 INFO     test_ai_mod.carbon_actions.carbon_actions -- Got new page source
2021-06-08 20:02:39,773 INFO     test_ai_mod.carbon_actions.carbon_actions -- Seen the same screen the max amount (5)
2021-06-08 20:02:39,773 INFO     test_ai_mod.carbon_actions.carbon_actions -- incrementing source count to: 1
2021-06-08 20:02:39,773 INFO     test_ai_mod.carbon_explore.explore_utils -- saving screenshot
2021-06-08 20:02:40,544 INFO     test_ai_mod.carbon_explore.explore_utils -- scn_shot_file_path: /Users/bot/test_ai/apps/2e1e40fe-b12b-48ff-9b5a-6de38fce52d1/builds/1bcb1a50-98b4-4457-8241-586bed2417eb/crawls/20210608200232/tmp/runtime_labeling_screen.png
2021-06-08 20:02:40,579 INFO     test_ai_mod.carbon_initialization.initialization -- current package sent in as: 2e1e40fe-b12b-48ff-9b5a-6de38fce52d1
2021-06-08 20:02:40,579 INFO     test_ai_mod.carbon_initialization.initialization -- ended dom stability
2021-06-08 20:02:40,581 INFO     test_ai_mod.carbon_explore.explore -- package is set to: 2e1e40fe-b12b-48ff-9b5a-6de38fce52d1
2021-06-08 20:02:40,581 INFO     test_ai_mod.carbon_explore.explore -- ********************************************************************************
2021-06-08 20:02:40,581 INFO     test_ai_mod.carbon_explore.explore -- * TIMEOUT: None
2021-06-08 20:02:40,581 INFO     test_ai_mod.carbon_explore.explore -- * disable_bounceback: False
2021-06-08 20:02:40,582 INFO     test_ai_mod.carbon_explore.explore -- ********************************************************************************
2021-06-08 20:02:40,582 INFO     test_ai_mod.carbon_explore.explore -- getting walk queue
2021-06-08 20:02:40,582 INFO     test_ai_mod.carbon_explore.explore_utils -- getting screen_elems
2021-06-08 20:02:40,958 INFO     test_ai_mod.carbon_utils.scrape_utils -- Successfully collected web scrape.
2021-06-08 20:02:40,960 INFO     test_ai_mod.carbon_explore.explore_utils -- filtering elems - 61
2021-06-08 20:02:40,990 INFO     test_ai_mod.carbon_explore.explore_utils -- saving info - 57
2021-06-08 20:02:40,990 INFO     test_ai_mod.carbon_explore.explore_utils -- saving core elems iter: 0, step 0, save_dir: /Users/bot/test_ai/apps/2e1e40fe-b12b-48ff-9b5a-6de38fce52d1/builds/1bcb1a50-98b4-4457-8241-586bed2417eb/crawls/20210608200232
2021-06-08 20:02:41,011 INFO     test_ai_mod.carbon_explore.explore -- got all screen info saved
2021-06-08 20:02:41,011 INFO     test_ai_mod.carbon_explore.explore_utils -- saving core elems iter: 0, step 0, save_dir: /Users/bot/test_ai/apps/2e1e40fe-b12b-48ff-9b5a-6de38fce52d1/builds/1bcb1a50-98b4-4457-8241-586bed2417eb/crawls/20210608200232
2021-06-08 20:02:41,047 INFO     test_ai_mod.carbon_explore.result_storage -- LOG FILE PATH: /Users/bot/test_ai/apps/2e1e40fe-b12b-48ff-9b5a-6de38fce52d1/builds/1bcb1a50-98b4-4457-8241-586bed2417eb/crawls/20210608200232/iter_00000_step_00000_logs.txt
2021-06-08 20:02:41,048 INFO     test_ai_mod.carbon_explore.result_storage -- ALL LOGS FILE PATH: /Users/bot/test_ai/apps/2e1e40fe-b12b-48ff-9b5a-6de38fce52d1/builds/1bcb1a50-98b4-4457-8241-586bed2417eb/crawls/20210608200232/iter_00000_step_-0001_logs.txt
2021-06-08 20:02:41,056 INFO     test_ai_mod.carbon_explore.interactive -- Interactive explore -- start_interactive_loop starting.
2021-06-08 20:02:41,064 INFO     test_ai_mod.carbon_explore.interactive -- Interactive explore -- running initial auto label
2021-06-08 20:02:41,064 INFO     test_ai_mod.carbon_tasks.process_crawl_task -- processing crawl: 20210608200232 (app: 2e1e40fe-b12b-48ff-9b5a-6de38fce52d1, build: 1bcb1a50-98b4-4457-8241-586bed2417eb)
2021-06-08 20:02:41,064 INFO     test_ai_mod.carbon_tasks.process_crawl_task -- processing screens for crawl
2021-06-08 20:02:41,154 INFO     test_ai_mod.carbon_tasks.process_crawl_task -- writing unique screens file
2021-06-08 20:02:41,155 INFO     test_ai_mod.carbon_tasks.process_crawl_task -- writing screen hash map
2021-06-08 20:02:41,158 INFO     test_ai_mod.carbon_tasks.process_crawl_task -- writing screen similarity file
2021-06-08 20:02:41,158 INFO     test_ai_mod.carbon_tasks.process_crawl_task -- processing elements for crawl
2021-06-08 20:02:41,161 INFO     test_ai_mod.carbon_tasks.process_crawl_task -- processing: iter_00000_step_00000_info.json
2021-06-08 20:02:41,429 INFO     test_ai_mod.carbon_tasks.process_crawl_task -- Writing unique tags file.
2021-06-08 20:02:41,430 INFO     test_ai_mod.carbon_tasks.process_crawl_task -- writing unique elems file
2021-06-08 20:02:41,431 INFO     test_ai_mod.carbon_tasks.process_crawl_task -- writing elem hash map
2021-06-08 20:02:41,439 INFO     test_ai_mod.carbon_tasks.process_crawl_task -- writing elem similarity file
2021-06-08 20:02:41,440 INFO     test_ai_mod.carbon_tasks.process_crawl_task -- generating labeler objects file for crawl (v0)
2021-06-08 20:02:41,451 INFO     test_ai_mod.carbon_tasks.process_crawl_task -- reconciling screens labeled at runtime
2021-06-08 20:02:41,451 INFO     test_ai_mod.carbon_tasks.process_crawl_task -- reconciling elements labeled at runtime
2021-06-08 20:02:41,457 INFO     test_ai_mod.carbon_tasks.generate_auto_labels_task -- generating auto labels for crawl: 20210608200232, app_id: 2e1e40fe-b12b-48ff-9b5a-6de38fce52d1, build_id: 1bcb1a50-98b4-4457-8241-586bed2417eb
2021-06-08 20:02:41,458 INFO     test_ai_mod.carbon_dao.local_carbon_dao -- Getting build info: APP_ID: 2e1e40fe-b12b-48ff-9b5a-6de38fce52d1, BUILD_ID: 1bcb1a50-98b4-4457-8241-586bed2417eb
2021-06-08 20:02:41,460 INFO     test_ai_mod.carbon_dao.local_carbon_dao -- Getting build info: APP_ID: 2e1e40fe-b12b-48ff-9b5a-6de38fce52d1, BUILD_ID: 1bcb1a50-98b4-4457-8241-586bed2417eb
2021-06-08 20:02:41,460 INFO     test_ai_mod.carbon_tasks.generate_auto_labels_task -- getting data for crawl: 20210608200232
2021-06-08 20:02:41,461 INFO     test_ai_mod.carbon_tasks.generate_auto_labels_task -- processing crawl: 20210608200232
2021-06-08 20:02:41,471 INFO     test_ai_mod.carbon_tasks.generate_auto_labels_task -- writing merged, suggested labels for crawl: 20210608200232
2021-06-08 20:02:41,473 INFO     test_ai_mod.carbon_tasks.generate_auto_labels_task -- writing applied hashes to labels to file: /Users/bot/test_ai/apps/2e1e40fe-b12b-48ff-9b5a-6de38fce52d1/lkg/hashes_to_labels.json
2021-06-08 20:02:41,474 INFO     test_ai_mod.carbon_tasks.generate_auto_labels_task -- writing applied human readable to labels to file: /Users/bot/test_ai/apps/2e1e40fe-b12b-48ff-9b5a-6de38fce52d1/lkg/human_readable_to_labels.json
2021-06-08 20:02:41,474 INFO     test_ai_mod.carbon_tasks.generate_auto_labels_task -- writing label to hash dicts to file: /Users/bot/test_ai/apps/2e1e40fe-b12b-48ff-9b5a-6de38fce52d1/lkg/label_to_hash_dicts.json
2021-06-08 20:02:41,475 INFO     test_ai_mod.carbon_tasks.generate_auto_labels_task -- writing human readable to paths to file: /Users/bot/test_ai/apps/2e1e40fe-b12b-48ff-9b5a-6de38fce52d1/lkg/human_readable_to_paths.json
2021-06-08 20:02:41,475 INFO     test_ai_mod.carbon_classifiers.label_classifier_pipe -- Begin loading configured modules
2021-06-08 20:02:41,475 INFO     test_ai_mod.carbon_classifiers.carbon_classifier_v1.screen_classifier -- Loading ScreenClassifier
2021-06-08 20:02:41,475 INFO     test_ai_mod.carbon_classifiers.template_matching.app_specific_template_matcher -- Loading AppSpecificTemplateMatcher
2021-06-08 20:02:41,475 INFO     test_ai_mod.carbon_classifiers.perceptual.nn_classifier -- Loading NNClassifier
2021-06-08 20:02:41,476 INFO     test_ai_mod.carbon_classifiers.template_matching.template_matching_classifier -- Loading TemplateMatchingClassifier
2021-06-08 20:02:41,476 WARNING  test_ai_mod.carbon_classifiers.template_matching.template_matching_classifier -- No template director exists at /Users/bot/test_ai/templates
2021-06-08 20:02:41,476 INFO     test_ai_mod.carbon_classifiers.http_classifier.http_classifier -- Loaded Http Classifier for ""
2021-06-08 20:02:41,476 INFO     test_ai_mod.carbon_tasks.generate_auto_labels_task -- classifying 1 unique screens
2021-06-08 20:02:41,476 INFO     test_ai_mod.carbon_dao.carbon_data -- loading models from LKG dir
2021-06-08 20:02:41,476 INFO     test_ai_mod.carbon_dao.carbon_data -- loading models from LKG dir
2021-06-08 20:02:41,482 INFO     test_ai_mod.carbon_classifiers.label_classifier_pipe -- Begin labeling elements
2021-06-08 20:02:41,493 INFO     test_ai_mod.carbon_classifiers.template_matching.app_specific_template_matcher -- Classifying screen with AppSpecificTemplateMatcher
2021-06-08 20:02:41,493 INFO     test_ai_mod.carbon_classifiers.perceptual.nn_classifier -- Classifying screen with NNClassifier
2021-06-08 20:02:41,530 INFO     test_ai_mod.carbon_classifiers.label_classifier_pipe -- End labeling elements: Time taken 0.0477869510651 seconds
2021-06-08 20:02:41,532 INFO     test_ai_mod.carbon_tasks.generate_auto_labels_task -- classifying 57 unique elems
2021-06-08 20:02:41,537 INFO     test_ai_mod.carbon_dao.carbon_data -- loading models from LKG dir
2021-06-08 20:02:41,537 INFO     test_ai_mod.carbon_dao.carbon_data -- loading models from LKG dir
2021-06-08 20:02:41,537 INFO     test_ai_mod.carbon_classifiers.label_classifier_pipe -- Begin labeling elements
2021-06-08 20:02:41,548 INFO     test_ai_mod.carbon_classifiers.template_matching.app_specific_template_matcher -- Classifying screen with AppSpecificTemplateMatcher
2021-06-08 20:02:41,548 INFO     test_ai_mod.carbon_classifiers.perceptual.nn_classifier -- Classifying screen with NNClassifier
2021-06-08 20:02:41,625 INFO     test_ai_mod.carbon_classifiers.label_classifier_pipe -- End labeling elements: Time taken 0.0874280929565 seconds
2021-06-08 20:02:41,626 INFO     test_ai_mod.carbon_tasks.generate_auto_labels_task -- writing merged, suggested labels for crawl: 20210608200232
2021-06-08 20:02:41,627 INFO     test_ai_mod.carbon_explore.interactive -- 


[32;1mCarbon Interactive Crawling Session Starting...
Please make sure you are running the test.ai GUI (./test.ai -d).
Once the GUI is running, please visit [34mhttp://localhost:5000[32;1m.
To access the interactive session, select the correct app, and click on "Live Labeling".

[0m
2021-06-08 20:02:41,675 INFO     test_ai_mod.carbon_explore.interactive -- Interactive explore -- status -- start
2021-06-08 20:02:41,676 INFO     test_ai_mod.carbon_explore.interactive -- Interactive explore -- status -- end
2021-06-08 20:02:41,683 INFO     test_ai_mod.carbon_explore.interactive -- Interactive explore -- get_crawls(web, 2e1e40fe-b12b-48ff-9b5a-6de38fce52d1) -- start
2021-06-08 20:02:41,683 INFO     test_ai_mod.carbon_explore.interactive -- Interactive explore -- get_crawls(web, 2e1e40fe-b12b-48ff-9b5a-6de38fce52d1) -- end
2021-06-08 20:02:41,958 INFO     test_ai_mod.carbon_dao.local_carbon_dao -- Getting build info: APP_ID: 2e1e40fe-b12b-48ff-9b5a-6de38fce52d1, BUILD_ID: 1bcb1a50-98b4-4457-8241-586bed2417eb
2021-06-08 20:02:41,978 INFO     test_ai_mod.carbon_explore.interactive -- Interactive explore -- get_labeler_objects -- start
2021-06-08 20:02:41,978 INFO     test_ai_mod.carbon_explore.interactive -- Interactive explore -- Processing crawl interactively 20210608200232
2021-06-08 20:02:41,978 INFO     test_ai_mod.carbon_tasks.process_crawl_task -- processing crawl: 20210608200232 (app: 2e1e40fe-b12b-48ff-9b5a-6de38fce52d1, build: 1bcb1a50-98b4-4457-8241-586bed2417eb)
2021-06-08 20:02:41,978 INFO     test_ai_mod.carbon_tasks.process_crawl_task -- processing screens for crawl
2021-06-08 20:02:41,999 INFO     test_ai_mod.carbon_dao.local_carbon_dao -- Getting build info: APP_ID: 2e1e40fe-b12b-48ff-9b5a-6de38fce52d1, BUILD_ID: 1bcb1a50-98b4-4457-8241-586bed2417eb
2021-06-08 20:02:42,061 INFO     test_ai_mod.carbon_tasks.process_crawl_task -- writing unique screens file
2021-06-08 20:02:42,062 INFO     test_ai_mod.carbon_tasks.process_crawl_task -- writing screen hash map
2021-06-08 20:02:42,065 INFO     test_ai_mod.carbon_tasks.process_crawl_task -- writing screen similarity file
2021-06-08 20:02:42,066 INFO     test_ai_mod.carbon_tasks.process_crawl_task -- processing elements for crawl
2021-06-08 20:02:42,068 INFO     test_ai_mod.carbon_tasks.process_crawl_task -- skipping already processed: iter_00000_step_00000_info.json
2021-06-08 20:02:42,155 INFO     test_ai_mod.carbon_tasks.process_crawl_task -- Writing unique tags file.
2021-06-08 20:02:42,155 INFO     test_ai_mod.carbon_tasks.process_crawl_task -- writing unique elems file
2021-06-08 20:02:42,156 INFO     test_ai_mod.carbon_tasks.process_crawl_task -- writing elem hash map
2021-06-08 20:02:42,164 INFO     test_ai_mod.carbon_tasks.process_crawl_task -- writing elem similarity file
2021-06-08 20:02:42,166 INFO     test_ai_mod.carbon_tasks.process_crawl_task -- generating labeler objects file for crawl (v0)
2021-06-08 20:02:42,176 INFO     test_ai_mod.carbon_tasks.process_crawl_task -- reconciling screens labeled at runtime
2021-06-08 20:02:42,176 INFO     test_ai_mod.carbon_tasks.process_crawl_task -- reconciling elements labeled at runtime
2021-06-08 20:02:42,182 INFO     test_ai_mod.carbon_explore.interactive -- Interactive explore -- Generating labels using hash information 20210608200232
2021-06-08 20:02:42,185 INFO     test_ai_mod.carbon_explore.interactive -- Interactive explore -- get_labeler_objects -- end
2021-06-08 20:02:42,451 INFO     test_ai_mod.carbon_dao.local_carbon_dao -- Getting build info: APP_ID: 2e1e40fe-b12b-48ff-9b5a-6de38fce52d1, BUILD_ID: 1bcb1a50-98b4-4457-8241-586bed2417eb
2021-06-08 20:02:43,839 INFO     test_ai_mod.carbon_explore.interactive -- Interactive explore -- status -- start
2021-06-08 20:02:43,839 INFO     test_ai_mod.carbon_explore.interactive -- Interactive explore -- status -- end
2021-06-08 20:02:46,402 INFO     test_ai_mod.carbon_explore.interactive -- Interactive explore -- status -- start
2021-06-08 20:02:46,402 INFO     test_ai_mod.carbon_explore.interactive -- Interactive explore -- status -- end
2021-06-08 20:02:48,800 INFO     test_ai_mod.carbon_explore.interactive -- Interactive explore -- status -- start
2021-06-08 20:02:48,800 INFO     test_ai_mod.carbon_explore.interactive -- Interactive explore -- status -- end
2021-06-08 20:02:51,537 INFO     test_ai_mod.carbon_explore.interactive -- Interactive explore -- status -- start
2021-06-08 20:02:51,537 INFO     test_ai_mod.carbon_explore.interactive -- Interactive explore -- status -- end
2021-06-08 20:02:52,880 INFO     test_ai_mod.labeler.v1.crawls -- elem image requested, crawl: 20210608200232, filename: iter_00000_step_00000_42_span.png
2021-06-08 20:02:52,881 INFO     test_ai_mod.carbon_dao.local_carbon_dao -- Getting build info: APP_ID: 2e1e40fe-b12b-48ff-9b5a-6de38fce52d1, BUILD_ID: 1bcb1a50-98b4-4457-8241-586bed2417eb
2021-06-08 20:02:52,882 INFO     test_ai_mod.labeler.v1.crawls -- resolved to: /Users/bot/test_ai/apps/2e1e40fe-b12b-48ff-9b5a-6de38fce52d1/builds/1bcb1a50-98b4-4457-8241-586bed2417eb/crawls/20210608200232/elems/iter_00000_step_00000_42_span.png
2021-06-08 20:02:52,971 INFO     test_ai_mod.labeler.v1.crawls -- elem image requested, crawl: 20210608200232, filename: iter_00000_step_00000_38_h1.png
2021-06-08 20:02:52,972 INFO     test_ai_mod.labeler.v1.crawls -- elem image requested, crawl: 20210608200232, filename: iter_00000_step_00000_20_div.png
2021-06-08 20:02:52,972 INFO     test_ai_mod.carbon_dao.local_carbon_dao -- Getting build info: APP_ID: 2e1e40fe-b12b-48ff-9b5a-6de38fce52d1, BUILD_ID: 1bcb1a50-98b4-4457-8241-586bed2417eb
2021-06-08 20:02:52,972 INFO     test_ai_mod.carbon_dao.local_carbon_dao -- Getting build info: APP_ID: 2e1e40fe-b12b-48ff-9b5a-6de38fce52d1, BUILD_ID: 1bcb1a50-98b4-4457-8241-586bed2417eb
2021-06-08 20:02:52,973 INFO     test_ai_mod.labeler.v1.crawls -- resolved to: /Users/bot/test_ai/apps/2e1e40fe-b12b-48ff-9b5a-6de38fce52d1/builds/1bcb1a50-98b4-4457-8241-586bed2417eb/crawls/20210608200232/elems/iter_00000_step_00000_38_h1.png
2021-06-08 20:02:52,974 INFO     test_ai_mod.labeler.v1.crawls -- resolved to: /Users/bot/test_ai/apps/2e1e40fe-b12b-48ff-9b5a-6de38fce52d1/builds/1bcb1a50-98b4-4457-8241-586bed2417eb/crawls/20210608200232/elems/iter_00000_step_00000_20_div.png
2021-06-08 20:02:53,001 INFO     test_ai_mod.labeler.v1.crawls -- elem image requested, crawl: 20210608200232, filename: iter_00000_step_00000_9_a.png
2021-06-08 20:02:53,001 INFO     test_ai_mod.carbon_dao.local_carbon_dao -- Getting build info: APP_ID: 2e1e40fe-b12b-48ff-9b5a-6de38fce52d1, BUILD_ID: 1bcb1a50-98b4-4457-8241-586bed2417eb
2021-06-08 20:02:53,002 INFO     test_ai_mod.labeler.v1.crawls -- resolved to: /Users/bot/test_ai/apps/2e1e40fe-b12b-48ff-9b5a-6de38fce52d1/builds/1bcb1a50-98b4-4457-8241-586bed2417eb/crawls/20210608200232/elems/iter_00000_step_00000_9_a.png
2021-06-08 20:02:53,072 INFO     test_ai_mod.labeler.v1.crawls -- elem image requested, crawl: 20210608200232, filename: iter_00000_step_00000_30_div.png
2021-06-08 20:02:53,072 INFO     test_ai_mod.carbon_dao.local_carbon_dao -- Getting build info: APP_ID: 2e1e40fe-b12b-48ff-9b5a-6de38fce52d1, BUILD_ID: 1bcb1a50-98b4-4457-8241-586bed2417eb
2021-06-08 20:02:53,073 INFO     test_ai_mod.labeler.v1.crawls -- resolved to: /Users/bot/test_ai/apps/2e1e40fe-b12b-48ff-9b5a-6de38fce52d1/builds/1bcb1a50-98b4-4457-8241-586bed2417eb/crawls/20210608200232/elems/iter_00000_step_00000_30_div.png
2021-06-08 20:02:53,095 INFO     test_ai_mod.labeler.v1.crawls -- elem image requested, crawl: 20210608200232, filename: iter_00000_step_00000_23_a.png
2021-06-08 20:02:53,095 INFO     test_ai_mod.carbon_dao.local_carbon_dao -- Getting build info: APP_ID: 2e1e40fe-b12b-48ff-9b5a-6de38fce52d1, BUILD_ID: 1bcb1a50-98b4-4457-8241-586bed2417eb
2021-06-08 20:02:53,096 INFO     test_ai_mod.labeler.v1.crawls -- resolved to: /Users/bot/test_ai/apps/2e1e40fe-b12b-48ff-9b5a-6de38fce52d1/builds/1bcb1a50-98b4-4457-8241-586bed2417eb/crawls/20210608200232/elems/iter_00000_step_00000_23_a.png
2021-06-08 20:02:53,179 INFO     test_ai_mod.labeler.v1.crawls -- elem image requested, crawl: 20210608200232, filename: iter_00000_step_00000_8_div.png
2021-06-08 20:02:53,180 INFO     test_ai_mod.carbon_dao.local_carbon_dao -- Getting build info: APP_ID: 2e1e40fe-b12b-48ff-9b5a-6de38fce52d1, BUILD_ID: 1bcb1a50-98b4-4457-8241-586bed2417eb
2021-06-08 20:02:53,180 INFO     test_ai_mod.labeler.v1.crawls -- resolved to: /Users/bot/test_ai/apps/2e1e40fe-b12b-48ff-9b5a-6de38fce52d1/builds/1bcb1a50-98b4-4457-8241-586bed2417eb/crawls/20210608200232/elems/iter_00000_step_00000_8_div.png
2021-06-08 20:02:53,277 INFO     test_ai_mod.labeler.v1.crawls -- elem image requested, crawl: 20210608200232, filename: iter_00000_step_00000_24_div.png
2021-06-08 20:02:53,278 INFO     test_ai_mod.carbon_dao.local_carbon_dao -- Getting build info: APP_ID: 2e1e40fe-b12b-48ff-9b5a-6de38fce52d1, BUILD_ID: 1bcb1a50-98b4-4457-8241-586bed2417eb
2021-06-08 20:02:53,278 INFO     test_ai_mod.labeler.v1.crawls -- resolved to: /Users/bot/test_ai/apps/2e1e40fe-b12b-48ff-9b5a-6de38fce52d1/builds/1bcb1a50-98b4-4457-8241-586bed2417eb/crawls/20210608200232/elems/iter_00000_step_00000_24_div.png
2021-06-08 20:02:53,375 INFO     test_ai_mod.labeler.v1.crawls -- elem image requested, crawl: 20210608200232, filename: iter_00000_step_00000_46_span.png
2021-06-08 20:02:53,376 INFO     test_ai_mod.carbon_dao.local_carbon_dao -- Getting build info: APP_ID: 2e1e40fe-b12b-48ff-9b5a-6de38fce52d1, BUILD_ID: 1bcb1a50-98b4-4457-8241-586bed2417eb
2021-06-08 20:02:53,377 INFO     test_ai_mod.labeler.v1.crawls -- resolved to: /Users/bot/test_ai/apps/2e1e40fe-b12b-48ff-9b5a-6de38fce52d1/builds/1bcb1a50-98b4-4457-8241-586bed2417eb/crawls/20210608200232/elems/iter_00000_step_00000_46_span.png
2021-06-08 20:02:53,476 INFO     test_ai_mod.labeler.v1.crawls -- elem image requested, crawl: 20210608200232, filename: iter_00000_step_00000_screenshot.png
2021-06-08 20:02:53,477 INFO     test_ai_mod.labeler.v1.crawls -- elem image requested, crawl: 20210608200232, filename: iter_00000_step_00000_29_span.png
2021-06-08 20:02:53,478 INFO     test_ai_mod.carbon_dao.local_carbon_dao -- Getting build info: APP_ID: 2e1e40fe-b12b-48ff-9b5a-6de38fce52d1, BUILD_ID: 1bcb1a50-98b4-4457-8241-586bed2417eb
2021-06-08 20:02:53,479 INFO     test_ai_mod.carbon_dao.local_carbon_dao -- Getting build info: APP_ID: 2e1e40fe-b12b-48ff-9b5a-6de38fce52d1, BUILD_ID: 1bcb1a50-98b4-4457-8241-586bed2417eb
2021-06-08 20:02:53,479 INFO     test_ai_mod.labeler.v1.crawls -- resolved to: /Users/bot/test_ai/apps/2e1e40fe-b12b-48ff-9b5a-6de38fce52d1/builds/1bcb1a50-98b4-4457-8241-586bed2417eb/crawls/20210608200232/elems/iter_00000_step_00000_29_span.png
2021-06-08 20:02:53,481 INFO     test_ai_mod.labeler.v1.crawls -- resolved to: /Users/bot/test_ai/apps/2e1e40fe-b12b-48ff-9b5a-6de38fce52d1/builds/1bcb1a50-98b4-4457-8241-586bed2417eb/crawls/20210608200232/screens/iter_00000_step_00000_screenshot.png
2021-06-08 20:02:53,573 INFO     test_ai_mod.labeler.v1.crawls -- elem image requested, crawl: 20210608200232, filename: iter_00000_step_00000_54_span.png
2021-06-08 20:02:53,574 INFO     test_ai_mod.labeler.v1.crawls -- elem image requested, crawl: 20210608200232, filename: iter_00000_step_00000_7_span.png
2021-06-08 20:02:53,575 INFO     test_ai_mod.carbon_dao.local_carbon_dao -- Getting build info: APP_ID: 2e1e40fe-b12b-48ff-9b5a-6de38fce52d1, BUILD_ID: 1bcb1a50-98b4-4457-8241-586bed2417eb
2021-06-08 20:02:53,575 INFO     test_ai_mod.carbon_dao.local_carbon_dao -- Getting build info: APP_ID: 2e1e40fe-b12b-48ff-9b5a-6de38fce52d1, BUILD_ID: 1bcb1a50-98b4-4457-8241-586bed2417eb
2021-06-08 20:02:53,576 INFO     test_ai_mod.labeler.v1.crawls -- resolved to: /Users/bot/test_ai/apps/2e1e40fe-b12b-48ff-9b5a-6de38fce52d1/builds/1bcb1a50-98b4-4457-8241-586bed2417eb/crawls/20210608200232/elems/iter_00000_step_00000_7_span.png
2021-06-08 20:02:53,577 INFO     test_ai_mod.labeler.v1.crawls -- resolved to: /Users/bot/test_ai/apps/2e1e40fe-b12b-48ff-9b5a-6de38fce52d1/builds/1bcb1a50-98b4-4457-8241-586bed2417eb/crawls/20210608200232/elems/iter_00000_step_00000_54_span.png
2021-06-08 20:02:53,672 INFO     test_ai_mod.labeler.v1.crawls -- elem image requested, crawl: 20210608200232, filename: iter_00000_step_00000_56_a.png
2021-06-08 20:02:53,673 INFO     test_ai_mod.carbon_dao.local_carbon_dao -- Getting build info: APP_ID: 2e1e40fe-b12b-48ff-9b5a-6de38fce52d1, BUILD_ID: 1bcb1a50-98b4-4457-8241-586bed2417eb
2021-06-08 20:02:53,673 INFO     test_ai_mod.labeler.v1.crawls -- resolved to: /Users/bot/test_ai/apps/2e1e40fe-b12b-48ff-9b5a-6de38fce52d1/builds/1bcb1a50-98b4-4457-8241-586bed2417eb/crawls/20210608200232/elems/iter_00000_step_00000_56_a.png
2021-06-08 20:02:53,677 INFO     test_ai_mod.labeler.v1.crawls -- elem image requested, crawl: 20210608200232, filename: iter_00000_step_00000_51_a.png
2021-06-08 20:02:53,678 INFO     test_ai_mod.carbon_dao.local_carbon_dao -- Getting build info: APP_ID: 2e1e40fe-b12b-48ff-9b5a-6de38fce52d1, BUILD_ID: 1bcb1a50-98b4-4457-8241-586bed2417eb
2021-06-08 20:02:53,680 INFO     test_ai_mod.labeler.v1.crawls -- resolved to: /Users/bot/test_ai/apps/2e1e40fe-b12b-48ff-9b5a-6de38fce52d1/builds/1bcb1a50-98b4-4457-8241-586bed2417eb/crawls/20210608200232/elems/iter_00000_step_00000_51_a.png
2021-06-08 20:02:53,778 INFO     test_ai_mod.labeler.v1.crawls -- elem image requested, crawl: 20210608200232, filename: iter_00000_step_00000_52_a.png
2021-06-08 20:02:53,778 INFO     test_ai_mod.carbon_dao.local_carbon_dao -- Getting build info: APP_ID: 2e1e40fe-b12b-48ff-9b5a-6de38fce52d1, BUILD_ID: 1bcb1a50-98b4-4457-8241-586bed2417eb
2021-06-08 20:02:53,779 INFO     test_ai_mod.labeler.v1.crawls -- resolved to: /Users/bot/test_ai/apps/2e1e40fe-b12b-48ff-9b5a-6de38fce52d1/builds/1bcb1a50-98b4-4457-8241-586bed2417eb/crawls/20210608200232/elems/iter_00000_step_00000_52_a.png
2021-06-08 20:02:53,782 INFO     test_ai_mod.labeler.v1.crawls -- elem image requested, crawl: 20210608200232, filename: iter_00000_step_00000_53_span.png
2021-06-08 20:02:53,783 INFO     test_ai_mod.carbon_dao.local_carbon_dao -- Getting build info: APP_ID: 2e1e40fe-b12b-48ff-9b5a-6de38fce52d1, BUILD_ID: 1bcb1a50-98b4-4457-8241-586bed2417eb
2021-06-08 20:02:53,785 INFO     test_ai_mod.labeler.v1.crawls -- resolved to: /Users/bot/test_ai/apps/2e1e40fe-b12b-48ff-9b5a-6de38fce52d1/builds/1bcb1a50-98b4-4457-8241-586bed2417eb/crawls/20210608200232/elems/iter_00000_step_00000_53_span.png
2021-06-08 20:02:54,122 INFO     test_ai_mod.labeler.v1.crawls -- elem image requested, crawl: 20210608200232, filename: iter_00000_step_00000_36_a.png
2021-06-08 20:02:54,122 INFO     test_ai_mod.carbon_dao.local_carbon_dao -- Getting build info: APP_ID: 2e1e40fe-b12b-48ff-9b5a-6de38fce52d1, BUILD_ID: 1bcb1a50-98b4-4457-8241-586bed2417eb
2021-06-08 20:02:54,123 INFO     test_ai_mod.labeler.v1.crawls -- resolved to: /Users/bot/test_ai/apps/2e1e40fe-b12b-48ff-9b5a-6de38fce52d1/builds/1bcb1a50-98b4-4457-8241-586bed2417eb/crawls/20210608200232/elems/iter_00000_step_00000_36_a.png
2021-06-08 20:02:54,158 INFO     test_ai_mod.labeler.v1.crawls -- elem image requested, crawl: 20210608200232, filename: iter_00000_step_00000_48_span.png
2021-06-08 20:02:54,159 INFO     test_ai_mod.carbon_dao.local_carbon_dao -- Getting build info: APP_ID: 2e1e40fe-b12b-48ff-9b5a-6de38fce52d1, BUILD_ID: 1bcb1a50-98b4-4457-8241-586bed2417eb
2021-06-08 20:02:54,159 INFO     test_ai_mod.labeler.v1.crawls -- resolved to: /Users/bot/test_ai/apps/2e1e40fe-b12b-48ff-9b5a-6de38fce52d1/builds/1bcb1a50-98b4-4457-8241-586bed2417eb/crawls/20210608200232/elems/iter_00000_step_00000_48_span.png
2021-06-08 20:02:54,206 INFO     test_ai_mod.labeler.v1.crawls -- elem image requested, crawl: 20210608200232, filename: iter_00000_step_00000_28_img.png
2021-06-08 20:02:54,207 INFO     test_ai_mod.carbon_dao.local_carbon_dao -- Getting build info: APP_ID: 2e1e40fe-b12b-48ff-9b5a-6de38fce52d1, BUILD_ID: 1bcb1a50-98b4-4457-8241-586bed2417eb
2021-06-08 20:02:54,207 INFO     test_ai_mod.labeler.v1.crawls -- resolved to: /Users/bot/test_ai/apps/2e1e40fe-b12b-48ff-9b5a-6de38fce52d1/builds/1bcb1a50-98b4-4457-8241-586bed2417eb/crawls/20210608200232/elems/iter_00000_step_00000_28_img.png
2021-06-08 20:02:54,248 INFO     test_ai_mod.labeler.v1.crawls -- elem image requested, crawl: 20210608200232, filename: iter_00000_step_00000_49_span.png
2021-06-08 20:02:54,249 INFO     test_ai_mod.carbon_dao.local_carbon_dao -- Getting build info: APP_ID: 2e1e40fe-b12b-48ff-9b5a-6de38fce52d1, BUILD_ID: 1bcb1a50-98b4-4457-8241-586bed2417eb
2021-06-08 20:02:54,250 INFO     test_ai_mod.labeler.v1.crawls -- resolved to: /Users/bot/test_ai/apps/2e1e40fe-b12b-48ff-9b5a-6de38fce52d1/builds/1bcb1a50-98b4-4457-8241-586bed2417eb/crawls/20210608200232/elems/iter_00000_step_00000_49_span.png
2021-06-08 20:02:54,292 INFO     test_ai_mod.labeler.v1.crawls -- elem image requested, crawl: 20210608200232, filename: iter_00000_step_00000_19_span.png
2021-06-08 20:02:54,292 INFO     test_ai_mod.carbon_dao.local_carbon_dao -- Getting build info: APP_ID: 2e1e40fe-b12b-48ff-9b5a-6de38fce52d1, BUILD_ID: 1bcb1a50-98b4-4457-8241-586bed2417eb
2021-06-08 20:02:54,293 INFO     test_ai_mod.labeler.v1.crawls -- resolved to: /Users/bot/test_ai/apps/2e1e40fe-b12b-48ff-9b5a-6de38fce52d1/builds/1bcb1a50-98b4-4457-8241-586bed2417eb/crawls/20210608200232/elems/iter_00000_step_00000_19_span.png
2021-06-08 20:02:54,372 INFO     test_ai_mod.labeler.v1.crawls -- elem image requested, crawl: 20210608200232, filename: iter_00000_step_00000_47_div.png
2021-06-08 20:02:54,372 INFO     test_ai_mod.carbon_dao.local_carbon_dao -- Getting build info: APP_ID: 2e1e40fe-b12b-48ff-9b5a-6de38fce52d1, BUILD_ID: 1bcb1a50-98b4-4457-8241-586bed2417eb
2021-06-08 20:02:54,373 INFO     test_ai_mod.labeler.v1.crawls -- resolved to: /Users/bot/test_ai/apps/2e1e40fe-b12b-48ff-9b5a-6de38fce52d1/builds/1bcb1a50-98b4-4457-8241-586bed2417eb/crawls/20210608200232/elems/iter_00000_step_00000_47_div.png
2021-06-08 20:02:54,376 INFO     test_ai_mod.labeler.v1.crawls -- elem image requested, crawl: 20210608200232, filename: iter_00000_step_00000_1_button.png
2021-06-08 20:02:54,379 INFO     test_ai_mod.carbon_dao.local_carbon_dao -- Getting build info: APP_ID: 2e1e40fe-b12b-48ff-9b5a-6de38fce52d1, BUILD_ID: 1bcb1a50-98b4-4457-8241-586bed2417eb
2021-06-08 20:02:54,381 INFO     test_ai_mod.labeler.v1.crawls -- resolved to: /Users/bot/test_ai/apps/2e1e40fe-b12b-48ff-9b5a-6de38fce52d1/builds/1bcb1a50-98b4-4457-8241-586bed2417eb/crawls/20210608200232/elems/iter_00000_step_00000_1_button.png
2021-06-08 20:02:54,485 INFO     test_ai_mod.carbon_explore.interactive -- Interactive explore -- status -- start
2021-06-08 20:02:54,485 INFO     test_ai_mod.carbon_explore.interactive -- Interactive explore -- status -- end
2021-06-08 20:02:54,574 INFO     test_ai_mod.labeler.v1.crawls -- elem image requested, crawl: 20210608200232, filename: iter_00000_step_00000_41_span.png
2021-06-08 20:02:54,574 INFO     test_ai_mod.carbon_dao.local_carbon_dao -- Getting build info: APP_ID: 2e1e40fe-b12b-48ff-9b5a-6de38fce52d1, BUILD_ID: 1bcb1a50-98b4-4457-8241-586bed2417eb
2021-06-08 20:02:54,575 INFO     test_ai_mod.labeler.v1.crawls -- resolved to: /Users/bot/test_ai/apps/2e1e40fe-b12b-48ff-9b5a-6de38fce52d1/builds/1bcb1a50-98b4-4457-8241-586bed2417eb/crawls/20210608200232/elems/iter_00000_step_00000_41_span.png
2021-06-08 20:02:54,579 INFO     test_ai_mod.labeler.v1.crawls -- elem image requested, crawl: 20210608200232, filename: iter_00000_step_00000_14_div.png
2021-06-08 20:02:54,581 INFO     test_ai_mod.carbon_dao.local_carbon_dao -- Getting build info: APP_ID: 2e1e40fe-b12b-48ff-9b5a-6de38fce52d1, BUILD_ID: 1bcb1a50-98b4-4457-8241-586bed2417eb
2021-06-08 20:02:54,583 INFO     test_ai_mod.labeler.v1.crawls -- resolved to: /Users/bot/test_ai/apps/2e1e40fe-b12b-48ff-9b5a-6de38fce52d1/builds/1bcb1a50-98b4-4457-8241-586bed2417eb/crawls/20210608200232/elems/iter_00000_step_00000_14_div.png
2021-06-08 20:02:54,674 INFO     test_ai_mod.labeler.v1.crawls -- elem image requested, crawl: 20210608200232, filename: iter_00000_step_00000_44_div.png
2021-06-08 20:02:54,675 INFO     test_ai_mod.labeler.v1.crawls -- elem image requested, crawl: 20210608200232, filename: iter_00000_step_00000_26_span.png
2021-06-08 20:02:54,676 INFO     test_ai_mod.carbon_dao.local_carbon_dao -- Getting build info: APP_ID: 2e1e40fe-b12b-48ff-9b5a-6de38fce52d1, BUILD_ID: 1bcb1a50-98b4-4457-8241-586bed2417eb
2021-06-08 20:02:54,677 INFO     test_ai_mod.labeler.v1.crawls -- resolved to: /Users/bot/test_ai/apps/2e1e40fe-b12b-48ff-9b5a-6de38fce52d1/builds/1bcb1a50-98b4-4457-8241-586bed2417eb/crawls/20210608200232/elems/iter_00000_step_00000_44_div.png
2021-06-08 20:02:54,677 INFO     test_ai_mod.carbon_dao.local_carbon_dao -- Getting build info: APP_ID: 2e1e40fe-b12b-48ff-9b5a-6de38fce52d1, BUILD_ID: 1bcb1a50-98b4-4457-8241-586bed2417eb
2021-06-08 20:02:54,678 INFO     test_ai_mod.labeler.v1.crawls -- resolved to: /Users/bot/test_ai/apps/2e1e40fe-b12b-48ff-9b5a-6de38fce52d1/builds/1bcb1a50-98b4-4457-8241-586bed2417eb/crawls/20210608200232/elems/iter_00000_step_00000_26_span.png
2021-06-08 20:02:54,774 INFO     test_ai_mod.labeler.v1.crawls -- elem image requested, crawl: 20210608200232, filename: iter_00000_step_00000_34_div.png
2021-06-08 20:02:54,775 INFO     test_ai_mod.carbon_dao.local_carbon_dao -- Getting build info: APP_ID: 2e1e40fe-b12b-48ff-9b5a-6de38fce52d1, BUILD_ID: 1bcb1a50-98b4-4457-8241-586bed2417eb
2021-06-08 20:02:54,775 INFO     test_ai_mod.labeler.v1.crawls -- resolved to: /Users/bot/test_ai/apps/2e1e40fe-b12b-48ff-9b5a-6de38fce52d1/builds/1bcb1a50-98b4-4457-8241-586bed2417eb/crawls/20210608200232/elems/iter_00000_step_00000_34_div.png
2021-06-08 20:02:54,778 INFO     test_ai_mod.labeler.v1.crawls -- elem image requested, crawl: 20210608200232, filename: iter_00000_step_00000_15_div.png
2021-06-08 20:02:54,778 INFO     test_ai_mod.carbon_dao.local_carbon_dao -- Getting build info: APP_ID: 2e1e40fe-b12b-48ff-9b5a-6de38fce52d1, BUILD_ID: 1bcb1a50-98b4-4457-8241-586bed2417eb
2021-06-08 20:02:54,780 INFO     test_ai_mod.labeler.v1.crawls -- resolved to: /Users/bot/test_ai/apps/2e1e40fe-b12b-48ff-9b5a-6de38fce52d1/builds/1bcb1a50-98b4-4457-8241-586bed2417eb/crawls/20210608200232/elems/iter_00000_step_00000_15_div.png
2021-06-08 20:02:54,979 INFO     test_ai_mod.labeler.v1.crawls -- elem image requested, crawl: 20210608200232, filename: iter_00000_step_00000_33_button.png
2021-06-08 20:02:54,980 INFO     test_ai_mod.labeler.v1.crawls -- elem image requested, crawl: 20210608200232, filename: iter_00000_step_00000_2_a.png
2021-06-08 20:02:54,981 INFO     test_ai_mod.carbon_dao.local_carbon_dao -- Getting build info: APP_ID: 2e1e40fe-b12b-48ff-9b5a-6de38fce52d1, BUILD_ID: 1bcb1a50-98b4-4457-8241-586bed2417eb
2021-06-08 20:02:54,981 INFO     test_ai_mod.carbon_dao.local_carbon_dao -- Getting build info: APP_ID: 2e1e40fe-b12b-48ff-9b5a-6de38fce52d1, BUILD_ID: 1bcb1a50-98b4-4457-8241-586bed2417eb
2021-06-08 20:02:54,982 INFO     test_ai_mod.labeler.v1.crawls -- resolved to: /Users/bot/test_ai/apps/2e1e40fe-b12b-48ff-9b5a-6de38fce52d1/builds/1bcb1a50-98b4-4457-8241-586bed2417eb/crawls/20210608200232/elems/iter_00000_step_00000_33_button.png
2021-06-08 20:02:54,982 INFO     test_ai_mod.labeler.v1.crawls -- resolved to: /Users/bot/test_ai/apps/2e1e40fe-b12b-48ff-9b5a-6de38fce52d1/builds/1bcb1a50-98b4-4457-8241-586bed2417eb/crawls/20210608200232/elems/iter_00000_step_00000_2_a.png
2021-06-08 20:02:55,072 INFO     test_ai_mod.labeler.v1.crawls -- elem image requested, crawl: 20210608200232, filename: iter_00000_step_00000_16_a.png
2021-06-08 20:02:55,073 INFO     test_ai_mod.carbon_dao.local_carbon_dao -- Getting build info: APP_ID: 2e1e40fe-b12b-48ff-9b5a-6de38fce52d1, BUILD_ID: 1bcb1a50-98b4-4457-8241-586bed2417eb
2021-06-08 20:02:55,073 INFO     test_ai_mod.labeler.v1.crawls -- resolved to: /Users/bot/test_ai/apps/2e1e40fe-b12b-48ff-9b5a-6de38fce52d1/builds/1bcb1a50-98b4-4457-8241-586bed2417eb/crawls/20210608200232/elems/iter_00000_step_00000_16_a.png
2021-06-08 20:02:55,172 INFO     test_ai_mod.labeler.v1.crawls -- elem image requested, crawl: 20210608200232, filename: iter_00000_step_00000_12_a.png
2021-06-08 20:02:55,173 INFO     test_ai_mod.carbon_dao.local_carbon_dao -- Getting build info: APP_ID: 2e1e40fe-b12b-48ff-9b5a-6de38fce52d1, BUILD_ID: 1bcb1a50-98b4-4457-8241-586bed2417eb
2021-06-08 20:02:55,173 INFO     test_ai_mod.labeler.v1.crawls -- resolved to: /Users/bot/test_ai/apps/2e1e40fe-b12b-48ff-9b5a-6de38fce52d1/builds/1bcb1a50-98b4-4457-8241-586bed2417eb/crawls/20210608200232/elems/iter_00000_step_00000_12_a.png
2021-06-08 20:02:55,177 INFO     test_ai_mod.labeler.v1.crawls -- elem image requested, crawl: 20210608200232, filename: iter_00000_step_00000_45_a.png
2021-06-08 20:02:55,183 INFO     test_ai_mod.carbon_dao.local_carbon_dao -- Getting build info: APP_ID: 2e1e40fe-b12b-48ff-9b5a-6de38fce52d1, BUILD_ID: 1bcb1a50-98b4-4457-8241-586bed2417eb
2021-06-08 20:02:55,184 INFO     test_ai_mod.labeler.v1.crawls -- elem image requested, crawl: 20210608200232, filename: iter_00000_step_00000_39_a.png
2021-06-08 20:02:55,185 INFO     test_ai_mod.labeler.v1.crawls -- resolved to: /Users/bot/test_ai/apps/2e1e40fe-b12b-48ff-9b5a-6de38fce52d1/builds/1bcb1a50-98b4-4457-8241-586bed2417eb/crawls/20210608200232/elems/iter_00000_step_00000_45_a.png
2021-06-08 20:02:55,186 INFO     test_ai_mod.carbon_dao.local_carbon_dao -- Getting build info: APP_ID: 2e1e40fe-b12b-48ff-9b5a-6de38fce52d1, BUILD_ID: 1bcb1a50-98b4-4457-8241-586bed2417eb
2021-06-08 20:02:55,186 INFO     test_ai_mod.labeler.v1.crawls -- resolved to: /Users/bot/test_ai/apps/2e1e40fe-b12b-48ff-9b5a-6de38fce52d1/builds/1bcb1a50-98b4-4457-8241-586bed2417eb/crawls/20210608200232/elems/iter_00000_step_00000_39_a.png
2021-06-08 20:02:55,366 INFO     test_ai_mod.labeler.v1.crawls -- elem image requested, crawl: 20210608200232, filename: iter_00000_step_00000_35_div.png
2021-06-08 20:02:55,367 INFO     test_ai_mod.carbon_dao.local_carbon_dao -- Getting build info: APP_ID: 2e1e40fe-b12b-48ff-9b5a-6de38fce52d1, BUILD_ID: 1bcb1a50-98b4-4457-8241-586bed2417eb
2021-06-08 20:02:55,367 INFO     test_ai_mod.labeler.v1.crawls -- resolved to: /Users/bot/test_ai/apps/2e1e40fe-b12b-48ff-9b5a-6de38fce52d1/builds/1bcb1a50-98b4-4457-8241-586bed2417eb/crawls/20210608200232/elems/iter_00000_step_00000_35_div.png
2021-06-08 20:02:55,375 INFO     test_ai_mod.labeler.v1.crawls -- elem image requested, crawl: 20210608200232, filename: iter_00000_step_00000_11_div.png
2021-06-08 20:02:55,375 INFO     test_ai_mod.carbon_dao.local_carbon_dao -- Getting build info: APP_ID: 2e1e40fe-b12b-48ff-9b5a-6de38fce52d1, BUILD_ID: 1bcb1a50-98b4-4457-8241-586bed2417eb
2021-06-08 20:02:55,376 INFO     test_ai_mod.labeler.v1.crawls -- resolved to: /Users/bot/test_ai/apps/2e1e40fe-b12b-48ff-9b5a-6de38fce52d1/builds/1bcb1a50-98b4-4457-8241-586bed2417eb/crawls/20210608200232/elems/iter_00000_step_00000_11_div.png
2021-06-08 20:02:55,471 INFO     test_ai_mod.labeler.v1.crawls -- elem image requested, crawl: 20210608200232, filename: iter_00000_step_00000_25_span.png
2021-06-08 20:02:55,471 INFO     test_ai_mod.carbon_dao.local_carbon_dao -- Getting build info: APP_ID: 2e1e40fe-b12b-48ff-9b5a-6de38fce52d1, BUILD_ID: 1bcb1a50-98b4-4457-8241-586bed2417eb
2021-06-08 20:02:55,472 INFO     test_ai_mod.labeler.v1.crawls -- resolved to: /Users/bot/test_ai/apps/2e1e40fe-b12b-48ff-9b5a-6de38fce52d1/builds/1bcb1a50-98b4-4457-8241-586bed2417eb/crawls/20210608200232/elems/iter_00000_step_00000_25_span.png
2021-06-08 20:02:55,581 INFO     test_ai_mod.labeler.v1.crawls -- elem image requested, crawl: 20210608200232, filename: iter_00000_step_00000_6_span.png
2021-06-08 20:02:55,582 INFO     test_ai_mod.carbon_dao.local_carbon_dao -- Getting build info: APP_ID: 2e1e40fe-b12b-48ff-9b5a-6de38fce52d1, BUILD_ID: 1bcb1a50-98b4-4457-8241-586bed2417eb
2021-06-08 20:02:55,582 INFO     test_ai_mod.labeler.v1.crawls -- resolved to: /Users/bot/test_ai/apps/2e1e40fe-b12b-48ff-9b5a-6de38fce52d1/builds/1bcb1a50-98b4-4457-8241-586bed2417eb/crawls/20210608200232/elems/iter_00000_step_00000_6_span.png
2021-06-08 20:02:55,679 INFO     test_ai_mod.labeler.v1.crawls -- elem image requested, crawl: 20210608200232, filename: iter_00000_step_00000_4_span.png
2021-06-08 20:02:55,680 INFO     test_ai_mod.carbon_dao.local_carbon_dao -- Getting build info: APP_ID: 2e1e40fe-b12b-48ff-9b5a-6de38fce52d1, BUILD_ID: 1bcb1a50-98b4-4457-8241-586bed2417eb
2021-06-08 20:02:55,681 INFO     test_ai_mod.labeler.v1.crawls -- resolved to: /Users/bot/test_ai/apps/2e1e40fe-b12b-48ff-9b5a-6de38fce52d1/builds/1bcb1a50-98b4-4457-8241-586bed2417eb/crawls/20210608200232/elems/iter_00000_step_00000_4_span.png
2021-06-08 20:02:55,686 INFO     test_ai_mod.labeler.v1.crawls -- elem image requested, crawl: 20210608200232, filename: iter_00000_step_00000_55_span.png
2021-06-08 20:02:55,688 INFO     test_ai_mod.carbon_dao.local_carbon_dao -- Getting build info: APP_ID: 2e1e40fe-b12b-48ff-9b5a-6de38fce52d1, BUILD_ID: 1bcb1a50-98b4-4457-8241-586bed2417eb
2021-06-08 20:02:55,689 INFO     test_ai_mod.labeler.v1.crawls -- resolved to: /Users/bot/test_ai/apps/2e1e40fe-b12b-48ff-9b5a-6de38fce52d1/builds/1bcb1a50-98b4-4457-8241-586bed2417eb/crawls/20210608200232/elems/iter_00000_step_00000_55_span.png
2021-06-08 20:02:55,876 INFO     test_ai_mod.labeler.v1.crawls -- elem image requested, crawl: 20210608200232, filename: iter_00000_step_00000_0_span.png
2021-06-08 20:02:55,878 INFO     test_ai_mod.labeler.v1.crawls -- elem image requested, crawl: 20210608200232, filename: iter_00000_step_00000_27_span.png
2021-06-08 20:02:55,878 INFO     test_ai_mod.carbon_dao.local_carbon_dao -- Getting build info: APP_ID: 2e1e40fe-b12b-48ff-9b5a-6de38fce52d1, BUILD_ID: 1bcb1a50-98b4-4457-8241-586bed2417eb
2021-06-08 20:02:55,879 INFO     test_ai_mod.labeler.v1.crawls -- resolved to: /Users/bot/test_ai/apps/2e1e40fe-b12b-48ff-9b5a-6de38fce52d1/builds/1bcb1a50-98b4-4457-8241-586bed2417eb/crawls/20210608200232/elems/iter_00000_step_00000_0_span.png
2021-06-08 20:02:55,879 INFO     test_ai_mod.carbon_dao.local_carbon_dao -- Getting build info: APP_ID: 2e1e40fe-b12b-48ff-9b5a-6de38fce52d1, BUILD_ID: 1bcb1a50-98b4-4457-8241-586bed2417eb
2021-06-08 20:02:55,881 INFO     test_ai_mod.labeler.v1.crawls -- resolved to: /Users/bot/test_ai/apps/2e1e40fe-b12b-48ff-9b5a-6de38fce52d1/builds/1bcb1a50-98b4-4457-8241-586bed2417eb/crawls/20210608200232/elems/iter_00000_step_00000_27_span.png
2021-06-08 20:02:55,890 INFO     test_ai_mod.labeler.v1.crawls -- elem image requested, crawl: 20210608200232, filename: iter_00000_step_00000_22_img.png
2021-06-08 20:02:55,891 INFO     test_ai_mod.carbon_dao.local_carbon_dao -- Getting build info: APP_ID: 2e1e40fe-b12b-48ff-9b5a-6de38fce52d1, BUILD_ID: 1bcb1a50-98b4-4457-8241-586bed2417eb
2021-06-08 20:02:55,891 INFO     test_ai_mod.labeler.v1.crawls -- resolved to: /Users/bot/test_ai/apps/2e1e40fe-b12b-48ff-9b5a-6de38fce52d1/builds/1bcb1a50-98b4-4457-8241-586bed2417eb/crawls/20210608200232/elems/iter_00000_step_00000_22_img.png
2021-06-08 20:02:55,976 INFO     test_ai_mod.carbon_explore.interactive -- Interactive explore -- status -- start
2021-06-08 20:02:55,977 INFO     test_ai_mod.carbon_explore.interactive -- Interactive explore -- status -- end
2021-06-08 20:02:56,006 INFO     test_ai_mod.labeler.v1.crawls -- elem image requested, crawl: 20210608200232, filename: iter_00000_step_00000_43_a.png
2021-06-08 20:02:56,007 INFO     test_ai_mod.carbon_dao.local_carbon_dao -- Getting build info: APP_ID: 2e1e40fe-b12b-48ff-9b5a-6de38fce52d1, BUILD_ID: 1bcb1a50-98b4-4457-8241-586bed2417eb
2021-06-08 20:02:56,007 INFO     test_ai_mod.labeler.v1.crawls -- resolved to: /Users/bot/test_ai/apps/2e1e40fe-b12b-48ff-9b5a-6de38fce52d1/builds/1bcb1a50-98b4-4457-8241-586bed2417eb/crawls/20210608200232/elems/iter_00000_step_00000_43_a.png
2021-06-08 20:02:56,072 INFO     test_ai_mod.labeler.v1.crawls -- elem image requested, crawl: 20210608200232, filename: iter_00000_step_00000_40_span.png
2021-06-08 20:02:56,072 INFO     test_ai_mod.carbon_dao.local_carbon_dao -- Getting build info: APP_ID: 2e1e40fe-b12b-48ff-9b5a-6de38fce52d1, BUILD_ID: 1bcb1a50-98b4-4457-8241-586bed2417eb
2021-06-08 20:02:56,073 INFO     test_ai_mod.labeler.v1.crawls -- resolved to: /Users/bot/test_ai/apps/2e1e40fe-b12b-48ff-9b5a-6de38fce52d1/builds/1bcb1a50-98b4-4457-8241-586bed2417eb/crawls/20210608200232/elems/iter_00000_step_00000_40_span.png
2021-06-08 20:02:56,178 INFO     test_ai_mod.labeler.v1.crawls -- elem image requested, crawl: 20210608200232, filename: iter_00000_step_00000_37_a.png
2021-06-08 20:02:56,179 INFO     test_ai_mod.carbon_dao.local_carbon_dao -- Getting build info: APP_ID: 2e1e40fe-b12b-48ff-9b5a-6de38fce52d1, BUILD_ID: 1bcb1a50-98b4-4457-8241-586bed2417eb
2021-06-08 20:02:56,179 INFO     test_ai_mod.labeler.v1.crawls -- resolved to: /Users/bot/test_ai/apps/2e1e40fe-b12b-48ff-9b5a-6de38fce52d1/builds/1bcb1a50-98b4-4457-8241-586bed2417eb/crawls/20210608200232/elems/iter_00000_step_00000_37_a.png
2021-06-08 20:02:56,277 INFO     test_ai_mod.labeler.v1.crawls -- elem image requested, crawl: 20210608200232, filename: iter_00000_step_00000_5_a.png
2021-06-08 20:02:56,278 INFO     test_ai_mod.labeler.v1.crawls -- elem image requested, crawl: 20210608200232, filename: iter_00000_step_00000_32_div.png
2021-06-08 20:02:56,279 INFO     test_ai_mod.carbon_dao.local_carbon_dao -- Getting build info: APP_ID: 2e1e40fe-b12b-48ff-9b5a-6de38fce52d1, BUILD_ID: 1bcb1a50-98b4-4457-8241-586bed2417eb
2021-06-08 20:02:56,280 INFO     test_ai_mod.carbon_dao.local_carbon_dao -- Getting build info: APP_ID: 2e1e40fe-b12b-48ff-9b5a-6de38fce52d1, BUILD_ID: 1bcb1a50-98b4-4457-8241-586bed2417eb
2021-06-08 20:02:56,280 INFO     test_ai_mod.labeler.v1.crawls -- resolved to: /Users/bot/test_ai/apps/2e1e40fe-b12b-48ff-9b5a-6de38fce52d1/builds/1bcb1a50-98b4-4457-8241-586bed2417eb/crawls/20210608200232/elems/iter_00000_step_00000_32_div.png
2021-06-08 20:02:56,281 INFO     test_ai_mod.labeler.v1.crawls -- resolved to: /Users/bot/test_ai/apps/2e1e40fe-b12b-48ff-9b5a-6de38fce52d1/builds/1bcb1a50-98b4-4457-8241-586bed2417eb/crawls/20210608200232/elems/iter_00000_step_00000_5_a.png
2021-06-08 20:02:56,375 INFO     test_ai_mod.labeler.v1.crawls -- elem image requested, crawl: 20210608200232, filename: iter_00000_step_00000_13_a.png
2021-06-08 20:02:56,376 INFO     test_ai_mod.carbon_dao.local_carbon_dao -- Getting build info: APP_ID: 2e1e40fe-b12b-48ff-9b5a-6de38fce52d1, BUILD_ID: 1bcb1a50-98b4-4457-8241-586bed2417eb
2021-06-08 20:02:56,377 INFO     test_ai_mod.labeler.v1.crawls -- resolved to: /Users/bot/test_ai/apps/2e1e40fe-b12b-48ff-9b5a-6de38fce52d1/builds/1bcb1a50-98b4-4457-8241-586bed2417eb/crawls/20210608200232/elems/iter_00000_step_00000_13_a.png
2021-06-08 20:02:56,414 INFO     test_ai_mod.labeler.v1.crawls -- elem image requested, crawl: 20210608200232, filename: iter_00000_step_00000_3_span.png
2021-06-08 20:02:56,415 INFO     test_ai_mod.carbon_dao.local_carbon_dao -- Getting build info: APP_ID: 2e1e40fe-b12b-48ff-9b5a-6de38fce52d1, BUILD_ID: 1bcb1a50-98b4-4457-8241-586bed2417eb
2021-06-08 20:02:56,415 INFO     test_ai_mod.labeler.v1.crawls -- resolved to: /Users/bot/test_ai/apps/2e1e40fe-b12b-48ff-9b5a-6de38fce52d1/builds/1bcb1a50-98b4-4457-8241-586bed2417eb/crawls/20210608200232/elems/iter_00000_step_00000_3_span.png
2021-06-08 20:02:56,472 INFO     test_ai_mod.labeler.v1.crawls -- elem image requested, crawl: 20210608200232, filename: iter_00000_step_00000_21_div.png
2021-06-08 20:02:56,472 INFO     test_ai_mod.carbon_dao.local_carbon_dao -- Getting build info: APP_ID: 2e1e40fe-b12b-48ff-9b5a-6de38fce52d1, BUILD_ID: 1bcb1a50-98b4-4457-8241-586bed2417eb
2021-06-08 20:02:56,473 INFO     test_ai_mod.labeler.v1.crawls -- resolved to: /Users/bot/test_ai/apps/2e1e40fe-b12b-48ff-9b5a-6de38fce52d1/builds/1bcb1a50-98b4-4457-8241-586bed2417eb/crawls/20210608200232/elems/iter_00000_step_00000_21_div.png
2021-06-08 20:02:56,565 INFO     test_ai_mod.labeler.v1.crawls -- elem image requested, crawl: 20210608200232, filename: iter_00000_step_00000_10_div.png
2021-06-08 20:02:56,566 INFO     test_ai_mod.carbon_dao.local_carbon_dao -- Getting build info: APP_ID: 2e1e40fe-b12b-48ff-9b5a-6de38fce52d1, BUILD_ID: 1bcb1a50-98b4-4457-8241-586bed2417eb
2021-06-08 20:02:56,567 INFO     test_ai_mod.labeler.v1.crawls -- resolved to: /Users/bot/test_ai/apps/2e1e40fe-b12b-48ff-9b5a-6de38fce52d1/builds/1bcb1a50-98b4-4457-8241-586bed2417eb/crawls/20210608200232/elems/iter_00000_step_00000_10_div.png
2021-06-08 20:02:56,572 INFO     test_ai_mod.labeler.v1.crawls -- elem image requested, crawl: 20210608200232, filename: iter_00000_step_00000_31_div.png
2021-06-08 20:02:56,573 INFO     test_ai_mod.carbon_dao.local_carbon_dao -- Getting build info: APP_ID: 2e1e40fe-b12b-48ff-9b5a-6de38fce52d1, BUILD_ID: 1bcb1a50-98b4-4457-8241-586bed2417eb
2021-06-08 20:02:56,573 INFO     test_ai_mod.labeler.v1.crawls -- resolved to: /Users/bot/test_ai/apps/2e1e40fe-b12b-48ff-9b5a-6de38fce52d1/builds/1bcb1a50-98b4-4457-8241-586bed2417eb/crawls/20210608200232/elems/iter_00000_step_00000_31_div.png
2021-06-08 20:02:56,705 INFO     test_ai_mod.labeler.v1.crawls -- elem image requested, crawl: 20210608200232, filename: iter_00000_step_00000_17_span.png
2021-06-08 20:02:56,705 INFO     test_ai_mod.carbon_dao.local_carbon_dao -- Getting build info: APP_ID: 2e1e40fe-b12b-48ff-9b5a-6de38fce52d1, BUILD_ID: 1bcb1a50-98b4-4457-8241-586bed2417eb
2021-06-08 20:02:56,706 INFO     test_ai_mod.labeler.v1.crawls -- resolved to: /Users/bot/test_ai/apps/2e1e40fe-b12b-48ff-9b5a-6de38fce52d1/builds/1bcb1a50-98b4-4457-8241-586bed2417eb/crawls/20210608200232/elems/iter_00000_step_00000_17_span.png
2021-06-08 20:02:56,774 INFO     test_ai_mod.labeler.v1.crawls -- elem image requested, crawl: 20210608200232, filename: iter_00000_step_00000_50_a.png
2021-06-08 20:02:56,774 INFO     test_ai_mod.carbon_dao.local_carbon_dao -- Getting build info: APP_ID: 2e1e40fe-b12b-48ff-9b5a-6de38fce52d1, BUILD_ID: 1bcb1a50-98b4-4457-8241-586bed2417eb
2021-06-08 20:02:56,775 INFO     test_ai_mod.labeler.v1.crawls -- resolved to: /Users/bot/test_ai/apps/2e1e40fe-b12b-48ff-9b5a-6de38fce52d1/builds/1bcb1a50-98b4-4457-8241-586bed2417eb/crawls/20210608200232/elems/iter_00000_step_00000_50_a.png
2021-06-08 20:02:56,802 INFO     test_ai_mod.labeler.v1.crawls -- elem image requested, crawl: 20210608200232, filename: iter_00000_step_00000_18_div.png
2021-06-08 20:02:56,803 INFO     test_ai_mod.carbon_dao.local_carbon_dao -- Getting build info: APP_ID: 2e1e40fe-b12b-48ff-9b5a-6de38fce52d1, BUILD_ID: 1bcb1a50-98b4-4457-8241-586bed2417eb
2021-06-08 20:02:56,803 INFO     test_ai_mod.labeler.v1.crawls -- resolved to: /Users/bot/test_ai/apps/2e1e40fe-b12b-48ff-9b5a-6de38fce52d1/builds/1bcb1a50-98b4-4457-8241-586bed2417eb/crawls/20210608200232/elems/iter_00000_step_00000_18_div.png
2021-06-08 20:02:58,838 INFO     test_ai_mod.carbon_explore.interactive -- Interactive explore -- status -- start
2021-06-08 20:02:58,838 INFO     test_ai_mod.carbon_explore.interactive -- Interactive explore -- status -- end
2021-06-08 20:03:00,034 INFO     test_ai_mod.carbon_dao.local_carbon_dao -- Getting build info: APP_ID: 2e1e40fe-b12b-48ff-9b5a-6de38fce52d1, BUILD_ID: 1bcb1a50-98b4-4457-8241-586bed2417eb
2021-06-08 20:03:00,036 INFO     test_ai_mod.labeler.v1.crawls -- labels_info:{u'screens': {}, u'elems': {u'iter_00000_step_00000_23_a.png': [u'shop']}}
2021-06-08 20:03:00,036 INFO     test_ai_mod.carbon_dao.local_carbon_dao -- Getting build info: APP_ID: 2e1e40fe-b12b-48ff-9b5a-6de38fce52d1, BUILD_ID: 1bcb1a50-98b4-4457-8241-586bed2417eb
2021-06-08 20:03:00,468 INFO     test_ai_mod.carbon_dao.local_carbon_dao -- Getting build info: APP_ID: 2e1e40fe-b12b-48ff-9b5a-6de38fce52d1, BUILD_ID: 1bcb1a50-98b4-4457-8241-586bed2417eb
2021-06-08 20:03:00,637 INFO     test_ai_mod.carbon_explore.interactive -- Interactive explore -- status -- start
2021-06-08 20:03:00,637 INFO     test_ai_mod.carbon_explore.interactive -- Interactive explore -- status -- end
2021-06-08 20:03:04,007 INFO     test_ai_mod.carbon_explore.interactive -- Interactive explore -- status -- start
2021-06-08 20:03:04,007 INFO     test_ai_mod.carbon_explore.interactive -- Interactive explore -- status -- end
2021-06-08 20:03:05,510 INFO     test_ai_mod.carbon_explore.interactive -- Interactive explore -- status -- start
2021-06-08 20:03:05,511 INFO     test_ai_mod.carbon_explore.interactive -- Interactive explore -- status -- end
2021-06-08 20:03:05,701 INFO     test_ai_mod.carbon_explore.interactive -- Interactive explore -- status -- start
2021-06-08 20:03:05,701 INFO     test_ai_mod.carbon_explore.interactive -- Interactive explore -- status -- end
2021-06-08 20:03:09,965 INFO     test_ai_mod.carbon_explore.interactive -- Interactive explore -- status -- start
2021-06-08 20:03:09,984 INFO     test_ai_mod.carbon_explore.interactive -- Interactive explore -- status -- end
2021-06-08 20:03:10,634 INFO     test_ai_mod.carbon_explore.interactive -- Interactive explore -- status -- start
2021-06-08 20:03:10,634 INFO     test_ai_mod.carbon_explore.interactive -- Interactive explore -- status -- end
2021-06-08 20:03:14,265 INFO     test_ai_mod.carbon_explore.interactive -- Interactive explore -- status -- start
2021-06-08 20:03:14,266 INFO     test_ai_mod.carbon_explore.interactive -- Interactive explore -- status -- end
2021-06-08 20:03:15,731 INFO     test_ai_mod.carbon_explore.interactive -- Interactive explore -- status -- start
2021-06-08 20:03:15,731 INFO     test_ai_mod.carbon_explore.interactive -- Interactive explore -- status -- end
2021-06-08 20:03:17,241 INFO     test_ai_mod.carbon_dao.local_carbon_dao -- Getting build info: APP_ID: 2e1e40fe-b12b-48ff-9b5a-6de38fce52d1, BUILD_ID: 1bcb1a50-98b4-4457-8241-586bed2417eb
2021-06-08 20:03:17,242 INFO     test_ai_mod.labeler.v1.crawls -- labels_info:{u'screens': {}, u'elems': {u'iter_00000_step_00000_23_a.png': [u'shop'], u'iter_00000_step_00000_28_img.png': [u'myprofile']}}
2021-06-08 20:03:17,243 INFO     test_ai_mod.carbon_dao.local_carbon_dao -- Getting build info: APP_ID: 2e1e40fe-b12b-48ff-9b5a-6de38fce52d1, BUILD_ID: 1bcb1a50-98b4-4457-8241-586bed2417eb
2021-06-08 20:03:17,538 INFO     test_ai_mod.carbon_dao.local_carbon_dao -- Getting build info: APP_ID: 2e1e40fe-b12b-48ff-9b5a-6de38fce52d1, BUILD_ID: 1bcb1a50-98b4-4457-8241-586bed2417eb
2021-06-08 20:03:19,907 INFO     test_ai_mod.carbon_explore.interactive -- Interactive explore -- status -- start
2021-06-08 20:03:19,908 INFO     test_ai_mod.carbon_explore.interactive -- Interactive explore -- status -- end
2021-06-08 20:03:20,631 INFO     test_ai_mod.carbon_explore.interactive -- Interactive explore -- status -- start
2021-06-08 20:03:20,631 INFO     test_ai_mod.carbon_explore.interactive -- Interactive explore -- status -- end
2021-06-08 20:03:24,036 INFO     test_ai_mod.carbon_explore.interactive -- Interactive explore -- status -- start
2021-06-08 20:03:24,036 INFO     test_ai_mod.carbon_explore.interactive -- Interactive explore -- status -- end
2021-06-08 20:03:25,643 INFO     test_ai_mod.carbon_explore.interactive -- Interactive explore -- status -- start
2021-06-08 20:03:25,643 INFO     test_ai_mod.carbon_explore.interactive -- Interactive explore -- status -- end
2021-06-08 20:03:29,865 INFO     test_ai_mod.carbon_explore.interactive -- Interactive explore -- status -- start
2021-06-08 20:03:29,865 INFO     test_ai_mod.carbon_explore.interactive -- Interactive explore -- status -- end
2021-06-08 20:03:30,712 INFO     test_ai_mod.carbon_explore.interactive -- Interactive explore -- status -- start
2021-06-08 20:03:30,712 INFO     test_ai_mod.carbon_explore.interactive -- Interactive explore -- status -- end
2021-06-08 20:03:34,649 INFO     test_ai_mod.carbon_explore.interactive -- Interactive explore -- status -- start
2021-06-08 20:03:34,649 INFO     test_ai_mod.carbon_explore.interactive -- Interactive explore -- status -- end
2021-06-08 20:03:35,657 INFO     test_ai_mod.carbon_explore.interactive -- Interactive explore -- status -- start
2021-06-08 20:03:35,657 INFO     test_ai_mod.carbon_explore.interactive -- Interactive explore -- status -- end
2021-06-08 20:03:39,631 INFO     test_ai_mod.carbon_explore.interactive -- Interactive explore -- status -- start
2021-06-08 20:03:39,632 INFO     test_ai_mod.carbon_explore.interactive -- Interactive explore -- status -- end
2021-06-08 20:03:40,271 INFO     test_ai_mod.carbon_explore.interactive -- Interactive explore -- status -- start
2021-06-08 20:03:40,271 INFO     test_ai_mod.carbon_explore.interactive -- Interactive explore -- status -- end
2021-06-08 20:03:40,275 INFO     test_ai_mod.carbon_explore.interactive -- Interactive explore -- status -- start
2021-06-08 20:03:40,275 INFO     test_ai_mod.carbon_explore.interactive -- Interactive explore -- status -- end
2021-06-08 20:03:40,277 INFO     root -- Stopping interactive crawl.
2021-06-08 20:03:40,280 INFO     test_ai_mod.carbon_explore.interactive -- Interactive explore -- stop -- start
2021-06-08 20:03:40,280 INFO     test_ai_mod.carbon_explore.interactive -- Interactive explore -- stop -- stop
2021-06-08 20:03:40,631 INFO     test_ai_mod.carbon_explore.explore_hook -- Explore hook -- apply_deferred_runtime_labels starting.
2021-06-08 20:03:40,632 INFO     test_ai_mod.carbon_explore.explore_hook -- Explore hook -- apply_deferred_runtime_labels completed.
2021-06-08 20:03:40,632 INFO     test_ai_mod.carbon_explore.interactive -- Interactive explore -- start_interactive_loop completed.
2021-06-08 20:03:40,633 INFO     test_ai_mod.carbon_explore.explore -- performing post-walk cleanup
2021-06-08 20:03:40,633 INFO     test_ai_mod.carbon_utils.simulator_tools -- performing post-test cleanup
2021-06-08 20:03:40,633 INFO     test_ai_mod.carbon_utils.simulator_tools -- calling driver.quit
2021-06-08 20:03:40,755 INFO     test_ai_mod.carbon_explore.explore -- iteration completed: 0
2021-06-08 20:03:40,755 INFO     test_ai_mod.carbon_tasks.crawl_build_task -- walk: 1 - succeeded
2021-06-08 20:03:40,755 INFO     test_ai_mod.carbon_tasks.crawl_build_task -- Handling crawl stop request.
2021-06-08 20:03:40,756 INFO     test_ai_mod.carbon_dao.local_carbon_dao -- Getting build info: APP_ID: 2e1e40fe-b12b-48ff-9b5a-6de38fce52d1, BUILD_ID: 1bcb1a50-98b4-4457-8241-586bed2417eb
2021-06-08 20:03:40,757 INFO     test_ai_mod.carbon_dao.local_carbon_dao -- Getting build info: APP_ID: 2e1e40fe-b12b-48ff-9b5a-6de38fce52d1, BUILD_ID: 1bcb1a50-98b4-4457-8241-586bed2417eb
2021-06-08 20:03:40,757 INFO     test_ai_mod.carbon_tasks.process_crawl_task -- processing crawl: 20210608200232 (app: 2e1e40fe-b12b-48ff-9b5a-6de38fce52d1, build: 1bcb1a50-98b4-4457-8241-586bed2417eb)
2021-06-08 20:03:40,757 INFO     test_ai_mod.carbon_tasks.process_crawl_task -- processing screens for crawl
2021-06-08 20:03:40,849 INFO     test_ai_mod.carbon_tasks.process_crawl_task -- writing unique screens file
2021-06-08 20:03:40,850 INFO     test_ai_mod.carbon_tasks.process_crawl_task -- writing screen hash map
2021-06-08 20:03:40,854 INFO     test_ai_mod.carbon_tasks.process_crawl_task -- writing screen similarity file
2021-06-08 20:03:40,854 INFO     test_ai_mod.carbon_tasks.process_crawl_task -- processing elements for crawl
2021-06-08 20:03:40,856 INFO     test_ai_mod.carbon_tasks.process_crawl_task -- skipping already processed: iter_00000_step_00000_info.json
2021-06-08 20:03:40,952 INFO     test_ai_mod.carbon_tasks.process_crawl_task -- Writing unique tags file.
2021-06-08 20:03:40,953 INFO     test_ai_mod.carbon_tasks.process_crawl_task -- writing unique elems file
2021-06-08 20:03:40,954 INFO     test_ai_mod.carbon_tasks.process_crawl_task -- writing elem hash map
2021-06-08 20:03:40,962 INFO     test_ai_mod.carbon_tasks.process_crawl_task -- writing elem similarity file
2021-06-08 20:03:40,964 INFO     test_ai_mod.carbon_tasks.process_crawl_task -- generating and saving feature data for crawl
2021-06-08 20:03:40,964 INFO     test_ai_mod.carbon_tasks.generate_feature_data_task -- generating feature data for crawl: 20210608200232, app_id: 2e1e40fe-b12b-48ff-9b5a-6de38fce52d1, build_id: 1bcb1a50-98b4-4457-8241-586bed2417eb
2021-06-08 20:03:40,964 INFO     test_ai_mod.carbon_tasks.generate_feature_data_task -- generating screen feature data
2021-06-08 20:03:41,410 INFO     test_ai_mod.carbon_tasks.generate_feature_data_task -- saving screen feature data
2021-06-08 20:03:41,412 INFO     test_ai_mod.carbon_tasks.process_crawl_task -- generating labeler objects file for crawl (v0)
2021-06-08 20:03:41,423 INFO     test_ai_mod.carbon_tasks.process_crawl_task -- reconciling screens labeled at runtime
2021-06-08 20:03:41,424 INFO     test_ai_mod.carbon_tasks.process_crawl_task -- reconciling elements labeled at runtime
2021-06-08 20:03:41,431 INFO     test_ai_mod.carbon_tasks.generate_auto_labels_task -- generating auto labels for crawl: 20210608200232, app_id: 2e1e40fe-b12b-48ff-9b5a-6de38fce52d1, build_id: 1bcb1a50-98b4-4457-8241-586bed2417eb
2021-06-08 20:03:41,431 INFO     test_ai_mod.carbon_dao.local_carbon_dao -- Getting build info: APP_ID: 2e1e40fe-b12b-48ff-9b5a-6de38fce52d1, BUILD_ID: 1bcb1a50-98b4-4457-8241-586bed2417eb
2021-06-08 20:03:41,433 INFO     test_ai_mod.carbon_dao.local_carbon_dao -- Getting build info: APP_ID: 2e1e40fe-b12b-48ff-9b5a-6de38fce52d1, BUILD_ID: 1bcb1a50-98b4-4457-8241-586bed2417eb
2021-06-08 20:03:41,433 INFO     test_ai_mod.carbon_tasks.generate_auto_labels_task -- getting data for crawl: 20210608200232
2021-06-08 20:03:41,434 INFO     test_ai_mod.carbon_tasks.generate_auto_labels_task -- processing crawl: 20210608200232
2021-06-08 20:03:41,442 INFO     test_ai_mod.carbon_tasks.generate_auto_labels_task -- writing merged, suggested labels for crawl: 20210608200232
2021-06-08 20:03:41,445 INFO     test_ai_mod.carbon_tasks.generate_auto_labels_task -- writing applied hashes to labels to file: /Users/bot/test_ai/apps/2e1e40fe-b12b-48ff-9b5a-6de38fce52d1/lkg/hashes_to_labels.json
2021-06-08 20:03:41,445 INFO     test_ai_mod.carbon_tasks.generate_auto_labels_task -- writing applied human readable to labels to file: /Users/bot/test_ai/apps/2e1e40fe-b12b-48ff-9b5a-6de38fce52d1/lkg/human_readable_to_labels.json
2021-06-08 20:03:41,446 INFO     test_ai_mod.carbon_tasks.generate_auto_labels_task -- writing label to hash dicts to file: /Users/bot/test_ai/apps/2e1e40fe-b12b-48ff-9b5a-6de38fce52d1/lkg/label_to_hash_dicts.json
2021-06-08 20:03:41,446 INFO     test_ai_mod.carbon_tasks.generate_auto_labels_task -- writing human readable to paths to file: /Users/bot/test_ai/apps/2e1e40fe-b12b-48ff-9b5a-6de38fce52d1/lkg/human_readable_to_paths.json
2021-06-08 20:03:41,447 INFO     test_ai_mod.carbon_classifiers.label_classifier_pipe -- Begin loading configured modules
2021-06-08 20:03:41,447 INFO     test_ai_mod.carbon_classifiers.carbon_classifier_v1.screen_classifier -- Loading ScreenClassifier
2021-06-08 20:03:41,447 INFO     test_ai_mod.carbon_classifiers.template_matching.app_specific_template_matcher -- Loading AppSpecificTemplateMatcher
2021-06-08 20:03:41,447 INFO     test_ai_mod.carbon_classifiers.perceptual.nn_classifier -- Loading NNClassifier
2021-06-08 20:03:41,448 INFO     test_ai_mod.carbon_classifiers.template_matching.template_matching_classifier -- Loading TemplateMatchingClassifier
2021-06-08 20:03:41,448 WARNING  test_ai_mod.carbon_classifiers.template_matching.template_matching_classifier -- No template director exists at /Users/bot/test_ai/templates
2021-06-08 20:03:41,448 INFO     test_ai_mod.carbon_classifiers.http_classifier.http_classifier -- Loaded Http Classifier for ""
2021-06-08 20:03:41,448 INFO     test_ai_mod.carbon_tasks.generate_auto_labels_task -- classifying 1 unique screens
2021-06-08 20:03:41,448 INFO     test_ai_mod.carbon_dao.carbon_data -- loading models from LKG dir
2021-06-08 20:03:41,448 INFO     test_ai_mod.carbon_dao.carbon_data -- loading models from LKG dir
2021-06-08 20:03:41,454 INFO     test_ai_mod.carbon_classifiers.label_classifier_pipe -- Begin labeling elements
2021-06-08 20:03:41,466 INFO     test_ai_mod.carbon_classifiers.template_matching.app_specific_template_matcher -- Classifying screen with AppSpecificTemplateMatcher
2021-06-08 20:03:41,466 INFO     test_ai_mod.carbon_classifiers.perceptual.nn_classifier -- Classifying screen with NNClassifier
2021-06-08 20:03:41,504 INFO     test_ai_mod.carbon_classifiers.label_classifier_pipe -- End labeling elements: Time taken 0.0497560501099 seconds
2021-06-08 20:03:41,506 INFO     test_ai_mod.carbon_tasks.generate_auto_labels_task -- classifying 57 unique elems
2021-06-08 20:03:41,511 INFO     test_ai_mod.carbon_dao.carbon_data -- loading models from LKG dir
2021-06-08 20:03:41,511 INFO     test_ai_mod.carbon_dao.carbon_data -- loading models from LKG dir
2021-06-08 20:03:41,511 INFO     test_ai_mod.carbon_classifiers.label_classifier_pipe -- Begin labeling elements
2021-06-08 20:03:41,523 INFO     test_ai_mod.carbon_classifiers.template_matching.app_specific_template_matcher -- Classifying screen with AppSpecificTemplateMatcher
2021-06-08 20:03:41,523 INFO     test_ai_mod.carbon_classifiers.perceptual.nn_classifier -- Classifying screen with NNClassifier
2021-06-08 20:03:41,601 INFO     test_ai_mod.carbon_classifiers.perceptual.nn_classifier -- elem classified: shop, score: 1.0
2021-06-08 20:03:41,601 INFO     test_ai_mod.carbon_classifiers.perceptual.nn_classifier -- elem classified: myprofile, score: 1.0
2021-06-08 20:03:41,611 INFO     test_ai_mod.carbon_classifiers.label_classifier_pipe -- End labeling elements: Time taken 0.0998470783234 seconds
2021-06-08 20:03:41,613 INFO     test_ai_mod.carbon_tasks.generate_auto_labels_task -- writing merged, suggested labels for crawl: 20210608200232
2021-06-08 20:03:41,614 INFO     test_ai_mod.carbon_controllers.crawls -- Removing threaded log file handler for crawl.
